INFO - 2023-06-11 09:26:43 --> Session: Class initialized using 'CodeIgniter\Session\Handlers\FileHandler' driver.
INFO - 2023-06-11 09:29:04 --> Session: Class initialized using 'CodeIgniter\Session\Handlers\FileHandler' driver.
INFO - 2023-06-11 11:12:20 --> Session: Class initialized using 'CodeIgniter\Session\Handlers\FileHandler' driver.
INFO - 2023-06-11 11:15:25 --> Session: Class initialized using 'CodeIgniter\Session\Handlers\FileHandler' driver.
INFO - 2023-06-11 11:15:30 --> Session: Class initialized using 'CodeIgniter\Session\Handlers\FileHandler' driver.
INFO - 2023-06-11 11:18:33 --> Session: Class initialized using 'CodeIgniter\Session\Handlers\FileHandler' driver.
INFO - 2023-06-11 11:18:35 --> Session: Class initialized using 'CodeIgniter\Session\Handlers\FileHandler' driver.
INFO - 2023-06-11 11:18:53 --> Session: Class initialized using 'CodeIgniter\Session\Handlers\FileHandler' driver.
INFO - 2023-06-11 11:19:09 --> Session: Class initialized using 'CodeIgniter\Session\Handlers\FileHandler' driver.
INFO - 2023-06-11 11:19:22 --> Session: Class initialized using 'CodeIgniter\Session\Handlers\FileHandler' driver.
INFO - 2023-06-11 11:19:39 --> Session: Class initialized using 'CodeIgniter\Session\Handlers\FileHandler' driver.
INFO - 2023-06-11 11:26:41 --> Session: Class initialized using 'CodeIgniter\Session\Handlers\FileHandler' driver.
INFO - 2023-06-11 11:27:25 --> Session: Class initialized using 'CodeIgniter\Session\Handlers\FileHandler' driver.
INFO - 2023-06-11 11:27:29 --> Session: Class initialized using 'CodeIgniter\Session\Handlers\FileHandler' driver.
INFO - 2023-06-11 11:40:51 --> Session: Class initialized using 'CodeIgniter\Session\Handlers\FileHandler' driver.
INFO - 2023-06-11 11:40:58 --> Session: Class initialized using 'CodeIgniter\Session\Handlers\FileHandler' driver.
ERROR - 2023-06-11 11:41:01 --> mysqli_sql_exception: Unknown column 'user' in 'where clause' in C:\laragon\www\pesca\vendor\codeigniter4\framework\system\Database\MySQLi\Connection.php:295
Stack trace:
#0 C:\laragon\www\pesca\vendor\codeigniter4\framework\system\Database\MySQLi\Connection.php(295): mysqli->query('SELECT *\nFROM `...', 0)
#1 C:\laragon\www\pesca\vendor\codeigniter4\framework\system\Database\BaseConnection.php(692): CodeIgniter\Database\MySQLi\Connection->execute('SELECT *\nFROM `...')
#2 C:\laragon\www\pesca\vendor\codeigniter4\framework\system\Database\BaseConnection.php(606): CodeIgniter\Database\BaseConnection->simpleQuery('SELECT *\nFROM `...')
#3 C:\laragon\www\pesca\vendor\codeigniter4\framework\system\Database\BaseBuilder.php(1616): CodeIgniter\Database\BaseConnection->query('SELECT *\nFROM `...', Array, false)
#4 C:\laragon\www\pesca\vendor\codeigniter4\framework\system\Model.php(268): CodeIgniter\Database\BaseBuilder->get()
#5 C:\laragon\www\pesca\vendor\codeigniter4\framework\system\BaseModel.php(656): CodeIgniter\Model->doFirst()
#6 C:\laragon\www\pesca\app\Controllers\Login.php(26): CodeIgniter\BaseModel->first()
#7 C:\laragon\www\pesca\vendor\codeigniter4\framework\system\CodeIgniter.php(934): App\Controllers\Login->login()
#8 C:\laragon\www\pesca\vendor\codeigniter4\framework\system\CodeIgniter.php(499): CodeIgniter\CodeIgniter->runController(Object(App\Controllers\Login))
#9 C:\laragon\www\pesca\vendor\codeigniter4\framework\system\CodeIgniter.php(368): CodeIgniter\CodeIgniter->handleRequest(NULL, Object(Config\Cache), false)
#10 C:\laragon\www\pesca\public\index.php(67): CodeIgniter\CodeIgniter->run()
#11 {main}
CRITICAL - 2023-06-11 11:41:01 --> Unknown column 'user' in 'where clause'
in SYSTEMPATH\Database\MySQLi\Connection.php on line 295.
 1 SYSTEMPATH\Database\MySQLi\Connection.php(295): mysqli->query('SELECT *
FROM `users`
WHERE `user` = \'admin\'
AND `status` = 1
AND `users`.`deleted_at` IS NULL
 LIMIT 1', 0)
 2 SYSTEMPATH\Database\BaseConnection.php(692): CodeIgniter\Database\MySQLi\Connection->execute('SELECT *
FROM `users`
WHERE `user` = \'admin\'
AND `status` = 1
AND `users`.`deleted_at` IS NULL
 LIMIT 1')
 3 SYSTEMPATH\Database\BaseConnection.php(606): CodeIgniter\Database\BaseConnection->simpleQuery('SELECT *
FROM `users`
WHERE `user` = \'admin\'
AND `status` = 1
AND `users`.`deleted_at` IS NULL
 LIMIT 1')
 4 SYSTEMPATH\Database\BaseBuilder.php(1616): CodeIgniter\Database\BaseConnection->query('SELECT *
FROM `users`
WHERE `user` = :user:
AND `status` = :status:
AND `users`.`deleted_at` IS NULL
 LIMIT 1', [...], false)
 5 SYSTEMPATH\Model.php(268): CodeIgniter\Database\BaseBuilder->get()
 6 SYSTEMPATH\BaseModel.php(656): CodeIgniter\Model->doFirst()
 7 APPPATH\Controllers\Login.php(26): CodeIgniter\BaseModel->first()
 8 SYSTEMPATH\CodeIgniter.php(934): App\Controllers\Login->login()
 9 SYSTEMPATH\CodeIgniter.php(499): CodeIgniter\CodeIgniter->runController(Object(App\Controllers\Login))
10 SYSTEMPATH\CodeIgniter.php(368): CodeIgniter\CodeIgniter->handleRequest(null, Object(Config\Cache), false)
11 FCPATH\index.php(67): CodeIgniter\CodeIgniter->run()
INFO - 2023-06-11 11:41:28 --> Session: Class initialized using 'CodeIgniter\Session\Handlers\FileHandler' driver.
ERROR - 2023-06-11 11:41:28 --> mysqli_sql_exception: Unknown column 'status' in 'where clause' in C:\laragon\www\pesca\vendor\codeigniter4\framework\system\Database\MySQLi\Connection.php:295
Stack trace:
#0 C:\laragon\www\pesca\vendor\codeigniter4\framework\system\Database\MySQLi\Connection.php(295): mysqli->query('SELECT *\nFROM `...', 0)
#1 C:\laragon\www\pesca\vendor\codeigniter4\framework\system\Database\BaseConnection.php(692): CodeIgniter\Database\MySQLi\Connection->execute('SELECT *\nFROM `...')
#2 C:\laragon\www\pesca\vendor\codeigniter4\framework\system\Database\BaseConnection.php(606): CodeIgniter\Database\BaseConnection->simpleQuery('SELECT *\nFROM `...')
#3 C:\laragon\www\pesca\vendor\codeigniter4\framework\system\Database\BaseBuilder.php(1616): CodeIgniter\Database\BaseConnection->query('SELECT *\nFROM `...', Array, false)
#4 C:\laragon\www\pesca\vendor\codeigniter4\framework\system\Model.php(268): CodeIgniter\Database\BaseBuilder->get()
#5 C:\laragon\www\pesca\vendor\codeigniter4\framework\system\BaseModel.php(656): CodeIgniter\Model->doFirst()
#6 C:\laragon\www\pesca\app\Controllers\Login.php(26): CodeIgniter\BaseModel->first()
#7 C:\laragon\www\pesca\vendor\codeigniter4\framework\system\CodeIgniter.php(934): App\Controllers\Login->login()
#8 C:\laragon\www\pesca\vendor\codeigniter4\framework\system\CodeIgniter.php(499): CodeIgniter\CodeIgniter->runController(Object(App\Controllers\Login))
#9 C:\laragon\www\pesca\vendor\codeigniter4\framework\system\CodeIgniter.php(368): CodeIgniter\CodeIgniter->handleRequest(NULL, Object(Config\Cache), false)
#10 C:\laragon\www\pesca\public\index.php(67): CodeIgniter\CodeIgniter->run()
#11 {main}
CRITICAL - 2023-06-11 11:41:28 --> Unknown column 'status' in 'where clause'
in SYSTEMPATH\Database\MySQLi\Connection.php on line 295.
 1 SYSTEMPATH\Database\MySQLi\Connection.php(295): mysqli->query('SELECT *
FROM `users`
WHERE `username` = \'admin\'
AND `status` = 1
AND `users`.`deleted_at` IS NULL
 LIMIT 1', 0)
 2 SYSTEMPATH\Database\BaseConnection.php(692): CodeIgniter\Database\MySQLi\Connection->execute('SELECT *
FROM `users`
WHERE `username` = \'admin\'
AND `status` = 1
AND `users`.`deleted_at` IS NULL
 LIMIT 1')
 3 SYSTEMPATH\Database\BaseConnection.php(606): CodeIgniter\Database\BaseConnection->simpleQuery('SELECT *
FROM `users`
WHERE `username` = \'admin\'
AND `status` = 1
AND `users`.`deleted_at` IS NULL
 LIMIT 1')
 4 SYSTEMPATH\Database\BaseBuilder.php(1616): CodeIgniter\Database\BaseConnection->query('SELECT *
FROM `users`
WHERE `username` = :username:
AND `status` = :status:
AND `users`.`deleted_at` IS NULL
 LIMIT 1', [...], false)
 5 SYSTEMPATH\Model.php(268): CodeIgniter\Database\BaseBuilder->get()
 6 SYSTEMPATH\BaseModel.php(656): CodeIgniter\Model->doFirst()
 7 APPPATH\Controllers\Login.php(26): CodeIgniter\BaseModel->first()
 8 SYSTEMPATH\CodeIgniter.php(934): App\Controllers\Login->login()
 9 SYSTEMPATH\CodeIgniter.php(499): CodeIgniter\CodeIgniter->runController(Object(App\Controllers\Login))
10 SYSTEMPATH\CodeIgniter.php(368): CodeIgniter\CodeIgniter->handleRequest(null, Object(Config\Cache), false)
11 FCPATH\index.php(67): CodeIgniter\CodeIgniter->run()
INFO - 2023-06-11 11:42:45 --> Session: Class initialized using 'CodeIgniter\Session\Handlers\FileHandler' driver.
INFO - 2023-06-11 11:42:47 --> Session: Class initialized using 'CodeIgniter\Session\Handlers\FileHandler' driver.
INFO - 2023-06-11 11:54:14 --> Session: Class initialized using 'CodeIgniter\Session\Handlers\FileHandler' driver.
INFO - 2023-06-11 11:54:14 --> Session: Class initialized using 'CodeIgniter\Session\Handlers\FileHandler' driver.
INFO - 2023-06-11 11:56:34 --> Session: Class initialized using 'CodeIgniter\Session\Handlers\FileHandler' driver.
ERROR - 2023-06-11 11:56:34 --> mysqli_sql_exception: Table 'db_pesca.company' doesn't exist in C:\laragon\www\pesca\vendor\codeigniter4\framework\system\Database\MySQLi\Connection.php:295
Stack trace:
#0 C:\laragon\www\pesca\vendor\codeigniter4\framework\system\Database\MySQLi\Connection.php(295): mysqli->query('SELECT `u`.`id`...', 0)
#1 C:\laragon\www\pesca\vendor\codeigniter4\framework\system\Database\BaseConnection.php(692): CodeIgniter\Database\MySQLi\Connection->execute('SELECT `u`.`id`...')
#2 C:\laragon\www\pesca\vendor\codeigniter4\framework\system\Database\BaseConnection.php(606): CodeIgniter\Database\BaseConnection->simpleQuery('SELECT `u`.`id`...')
#3 C:\laragon\www\pesca\vendor\codeigniter4\framework\system\Database\BaseBuilder.php(1616): CodeIgniter\Database\BaseConnection->query('SELECT `u`.`id`...', Array, false)
#4 C:\laragon\www\pesca\app\Models\UserModel.php(78): CodeIgniter\Database\BaseBuilder->get()
#5 C:\laragon\www\pesca\app\Controllers\Login.php(38): App\Models\UserModel->getUser('3')
#6 C:\laragon\www\pesca\vendor\codeigniter4\framework\system\CodeIgniter.php(934): App\Controllers\Login->login()
#7 C:\laragon\www\pesca\vendor\codeigniter4\framework\system\CodeIgniter.php(499): CodeIgniter\CodeIgniter->runController(Object(App\Controllers\Login))
#8 C:\laragon\www\pesca\vendor\codeigniter4\framework\system\CodeIgniter.php(368): CodeIgniter\CodeIgniter->handleRequest(NULL, Object(Config\Cache), false)
#9 C:\laragon\www\pesca\public\index.php(67): CodeIgniter\CodeIgniter->run()
#10 {main}
CRITICAL - 2023-06-11 11:56:34 --> Table 'db_pesca.company' doesn't exist
in SYSTEMPATH\Database\MySQLi\Connection.php on line 295.
 1 SYSTEMPATH\Database\MySQLi\Connection.php(295): mysqli->query('SELECT `u`.`id` as `iduser`, `u`.`name`, `u`.`user`, `u`.`email` as `useremail`, `u`.`contact` as `usercontact`, `u`.`level`, `l`.`name`, `c`.`id` as `idcompany`, `c`.`name` as `company`, `c`.`logo`, `c`.`email` as `companyemail`, `c`.`contact` as `companycontact`, `c`.`address`, `c`.`nuit`
FROM `users` `u`
JOIN `company` `c` ON `c`.`id` = `u`.`company`
JOIN `user_level` `l` ON `l`.`id` = `u`.`level`
WHERE `u`.`id` = \'3\'
AND `c`.`status` = 1', 0)
 2 SYSTEMPATH\Database\BaseConnection.php(692): CodeIgniter\Database\MySQLi\Connection->execute('SELECT `u`.`id` as `iduser`, `u`.`name`, `u`.`user`, `u`.`email` as `useremail`, `u`.`contact` as `usercontact`, `u`.`level`, `l`.`name`, `c`.`id` as `idcompany`, `c`.`name` as `company`, `c`.`logo`, `c`.`email` as `companyemail`, `c`.`contact` as `companycontact`, `c`.`address`, `c`.`nuit`
FROM `users` `u`
JOIN `company` `c` ON `c`.`id` = `u`.`company`
JOIN `user_level` `l` ON `l`.`id` = `u`.`level`
WHERE `u`.`id` = \'3\'
AND `c`.`status` = 1')
 3 SYSTEMPATH\Database\BaseConnection.php(606): CodeIgniter\Database\BaseConnection->simpleQuery('SELECT `u`.`id` as `iduser`, `u`.`name`, `u`.`user`, `u`.`email` as `useremail`, `u`.`contact` as `usercontact`, `u`.`level`, `l`.`name`, `c`.`id` as `idcompany`, `c`.`name` as `company`, `c`.`logo`, `c`.`email` as `companyemail`, `c`.`contact` as `companycontact`, `c`.`address`, `c`.`nuit`
FROM `users` `u`
JOIN `company` `c` ON `c`.`id` = `u`.`company`
JOIN `user_level` `l` ON `l`.`id` = `u`.`level`
WHERE `u`.`id` = \'3\'
AND `c`.`status` = 1')
 4 SYSTEMPATH\Database\BaseBuilder.php(1616): CodeIgniter\Database\BaseConnection->query('SELECT `u`.`id` as `iduser`, `u`.`name`, `u`.`user`, `u`.`email` as `useremail`, `u`.`contact` as `usercontact`, `u`.`level`, `l`.`name`, `c`.`id` as `idcompany`, `c`.`name` as `company`, `c`.`logo`, `c`.`email` as `companyemail`, `c`.`contact` as `companycontact`, `c`.`address`, `c`.`nuit`
FROM `users` `u`
JOIN `company` `c` ON `c`.`id` = `u`.`company`
JOIN `user_level` `l` ON `l`.`id` = `u`.`level`
WHERE `u`.`id` = :u.id:
AND `c`.`status` = :c.status:', [...], false)
 5 APPPATH\Models\UserModel.php(78): CodeIgniter\Database\BaseBuilder->get()
 6 APPPATH\Controllers\Login.php(38): App\Models\UserModel->getUser('3')
 7 SYSTEMPATH\CodeIgniter.php(934): App\Controllers\Login->login()
 8 SYSTEMPATH\CodeIgniter.php(499): CodeIgniter\CodeIgniter->runController(Object(App\Controllers\Login))
 9 SYSTEMPATH\CodeIgniter.php(368): CodeIgniter\CodeIgniter->handleRequest(null, Object(Config\Cache), false)
10 FCPATH\index.php(67): CodeIgniter\CodeIgniter->run()
INFO - 2023-06-11 12:05:36 --> Session: Class initialized using 'CodeIgniter\Session\Handlers\FileHandler' driver.
ERROR - 2023-06-11 12:05:36 --> mysqli_sql_exception: Unknown column 'c.status' in 'where clause' in C:\laragon\www\pesca\vendor\codeigniter4\framework\system\Database\MySQLi\Connection.php:295
Stack trace:
#0 C:\laragon\www\pesca\vendor\codeigniter4\framework\system\Database\MySQLi\Connection.php(295): mysqli->query('SELECT `u`.`id`...', 0)
#1 C:\laragon\www\pesca\vendor\codeigniter4\framework\system\Database\BaseConnection.php(692): CodeIgniter\Database\MySQLi\Connection->execute('SELECT `u`.`id`...')
#2 C:\laragon\www\pesca\vendor\codeigniter4\framework\system\Database\BaseConnection.php(606): CodeIgniter\Database\BaseConnection->simpleQuery('SELECT `u`.`id`...')
#3 C:\laragon\www\pesca\vendor\codeigniter4\framework\system\Database\BaseBuilder.php(1616): CodeIgniter\Database\BaseConnection->query('SELECT `u`.`id`...', Array, false)
#4 C:\laragon\www\pesca\app\Models\UserModel.php(77): CodeIgniter\Database\BaseBuilder->get()
#5 C:\laragon\www\pesca\app\Controllers\Login.php(38): App\Models\UserModel->getUser('3')
#6 C:\laragon\www\pesca\vendor\codeigniter4\framework\system\CodeIgniter.php(934): App\Controllers\Login->login()
#7 C:\laragon\www\pesca\vendor\codeigniter4\framework\system\CodeIgniter.php(499): CodeIgniter\CodeIgniter->runController(Object(App\Controllers\Login))
#8 C:\laragon\www\pesca\vendor\codeigniter4\framework\system\CodeIgniter.php(368): CodeIgniter\CodeIgniter->handleRequest(NULL, Object(Config\Cache), false)
#9 C:\laragon\www\pesca\public\index.php(67): CodeIgniter\CodeIgniter->run()
#10 {main}
CRITICAL - 2023-06-11 12:05:36 --> Unknown column 'c.status' in 'where clause'
in SYSTEMPATH\Database\MySQLi\Connection.php on line 295.
 1 SYSTEMPATH\Database\MySQLi\Connection.php(295): mysqli->query('SELECT `u`.`id` as `iduser`, `u`.`name`, `u`.`username`, `u`.`email` as `useremail`, `u`.`contact` as `usercontact`, `u`.`user_level`, `l`.`name`, `d`.`name`, `d`.`description`
FROM `users` `u`
JOIN `departments` `d` ON `d`.`id` = `u`.`department`
JOIN `user_levels` `l` ON `l`.`id` = `u`.`user_level`
WHERE `u`.`id` = \'3\'
AND `c`.`status` = 1', 0)
 2 SYSTEMPATH\Database\BaseConnection.php(692): CodeIgniter\Database\MySQLi\Connection->execute('SELECT `u`.`id` as `iduser`, `u`.`name`, `u`.`username`, `u`.`email` as `useremail`, `u`.`contact` as `usercontact`, `u`.`user_level`, `l`.`name`, `d`.`name`, `d`.`description`
FROM `users` `u`
JOIN `departments` `d` ON `d`.`id` = `u`.`department`
JOIN `user_levels` `l` ON `l`.`id` = `u`.`user_level`
WHERE `u`.`id` = \'3\'
AND `c`.`status` = 1')
 3 SYSTEMPATH\Database\BaseConnection.php(606): CodeIgniter\Database\BaseConnection->simpleQuery('SELECT `u`.`id` as `iduser`, `u`.`name`, `u`.`username`, `u`.`email` as `useremail`, `u`.`contact` as `usercontact`, `u`.`user_level`, `l`.`name`, `d`.`name`, `d`.`description`
FROM `users` `u`
JOIN `departments` `d` ON `d`.`id` = `u`.`department`
JOIN `user_levels` `l` ON `l`.`id` = `u`.`user_level`
WHERE `u`.`id` = \'3\'
AND `c`.`status` = 1')
 4 SYSTEMPATH\Database\BaseBuilder.php(1616): CodeIgniter\Database\BaseConnection->query('SELECT `u`.`id` as `iduser`, `u`.`name`, `u`.`username`, `u`.`email` as `useremail`, `u`.`contact` as `usercontact`, `u`.`user_level`, `l`.`name`, `d`.`name`, `d`.`description`
FROM `users` `u`
JOIN `departments` `d` ON `d`.`id` = `u`.`department`
JOIN `user_levels` `l` ON `l`.`id` = `u`.`user_level`
WHERE `u`.`id` = :u.id:
AND `c`.`status` = :c.status:', [...], false)
 5 APPPATH\Models\UserModel.php(77): CodeIgniter\Database\BaseBuilder->get()
 6 APPPATH\Controllers\Login.php(38): App\Models\UserModel->getUser('3')
 7 SYSTEMPATH\CodeIgniter.php(934): App\Controllers\Login->login()
 8 SYSTEMPATH\CodeIgniter.php(499): CodeIgniter\CodeIgniter->runController(Object(App\Controllers\Login))
 9 SYSTEMPATH\CodeIgniter.php(368): CodeIgniter\CodeIgniter->handleRequest(null, Object(Config\Cache), false)
10 FCPATH\index.php(67): CodeIgniter\CodeIgniter->run()
INFO - 2023-06-11 12:06:37 --> Session: Class initialized using 'CodeIgniter\Session\Handlers\FileHandler' driver.
INFO - 2023-06-11 12:06:38 --> Session: Class initialized using 'CodeIgniter\Session\Handlers\FileHandler' driver.
INFO - 2023-06-11 12:08:04 --> Session: Class initialized using 'CodeIgniter\Session\Handlers\FileHandler' driver.
CRITICAL - 2023-06-11 12:08:05 --> Undefined property: stdClass::$company
in APPPATH\Views\layouts\partials\sidebar.php on line 7.
 1 APPPATH\Views\layouts\partials\sidebar.php(7): CodeIgniter\Debug\Exceptions->errorHandler(2, 'Undefined property: stdClass::$company', 'C:\\laragon\\www\\pesca\\app\\Views\\layouts\\partials\\sidebar.php', 7)
 2 SYSTEMPATH\View\View.php(213): include('C:\\laragon\\www\\pesca\\app\\Views\\layouts\\partials\\sidebar.php')
 3 SYSTEMPATH\View\View.php(216): CodeIgniter\View\View->CodeIgniter\View\{closure}()
 4 SYSTEMPATH\View\View.php(431): CodeIgniter\View\View->render('layouts/partials/sidebar', null, true)
 5 APPPATH\Views\layouts\template.php(30): CodeIgniter\View\View->include('layouts/partials/sidebar')
 6 SYSTEMPATH\View\View.php(213): include('C:\\laragon\\www\\pesca\\app\\Views\\layouts\\template.php')
 7 SYSTEMPATH\View\View.php(216): CodeIgniter\View\View->CodeIgniter\View\{closure}()
 8 SYSTEMPATH\View\View.php(229): CodeIgniter\View\View->render('layouts/template', [], true)
 9 SYSTEMPATH\Common.php(1184): CodeIgniter\View\View->render('pages/dashboard', [], true)
10 APPPATH\Controllers\Home.php(9): view('pages/dashboard')
11 SYSTEMPATH\CodeIgniter.php(934): App\Controllers\Home->index()
12 SYSTEMPATH\CodeIgniter.php(499): CodeIgniter\CodeIgniter->runController(Object(App\Controllers\Home))
13 SYSTEMPATH\CodeIgniter.php(368): CodeIgniter\CodeIgniter->handleRequest(null, Object(Config\Cache), false)
14 FCPATH\index.php(67): CodeIgniter\CodeIgniter->run()
INFO - 2023-06-11 12:09:36 --> Session: Class initialized using 'CodeIgniter\Session\Handlers\FileHandler' driver.
CRITICAL - 2023-06-11 12:09:36 --> Undefined property: stdClass::$company
in APPPATH\Views\layouts\partials\sidebar.php on line 7.
 1 APPPATH\Views\layouts\partials\sidebar.php(7): CodeIgniter\Debug\Exceptions->errorHandler(2, 'Undefined property: stdClass::$company', 'C:\\laragon\\www\\pesca\\app\\Views\\layouts\\partials\\sidebar.php', 7)
 2 SYSTEMPATH\View\View.php(213): include('C:\\laragon\\www\\pesca\\app\\Views\\layouts\\partials\\sidebar.php')
 3 SYSTEMPATH\View\View.php(216): CodeIgniter\View\View->CodeIgniter\View\{closure}()
 4 SYSTEMPATH\View\View.php(431): CodeIgniter\View\View->render('layouts/partials/sidebar', null, true)
 5 APPPATH\Views\layouts\template.php(30): CodeIgniter\View\View->include('layouts/partials/sidebar')
 6 SYSTEMPATH\View\View.php(213): include('C:\\laragon\\www\\pesca\\app\\Views\\layouts\\template.php')
 7 SYSTEMPATH\View\View.php(216): CodeIgniter\View\View->CodeIgniter\View\{closure}()
 8 SYSTEMPATH\View\View.php(229): CodeIgniter\View\View->render('layouts/template', [], true)
 9 SYSTEMPATH\Common.php(1184): CodeIgniter\View\View->render('pages/dashboard', [], true)
10 APPPATH\Controllers\Home.php(9): view('pages/dashboard')
11 SYSTEMPATH\CodeIgniter.php(934): App\Controllers\Home->index()
12 SYSTEMPATH\CodeIgniter.php(499): CodeIgniter\CodeIgniter->runController(Object(App\Controllers\Home))
13 SYSTEMPATH\CodeIgniter.php(368): CodeIgniter\CodeIgniter->handleRequest(null, Object(Config\Cache), false)
14 FCPATH\index.php(67): CodeIgniter\CodeIgniter->run()
INFO - 2023-06-11 12:09:39 --> Session: Class initialized using 'CodeIgniter\Session\Handlers\FileHandler' driver.
CRITICAL - 2023-06-11 12:09:39 --> Undefined property: stdClass::$company
in APPPATH\Views\layouts\partials\sidebar.php on line 7.
 1 APPPATH\Views\layouts\partials\sidebar.php(7): CodeIgniter\Debug\Exceptions->errorHandler(2, 'Undefined property: stdClass::$company', 'C:\\laragon\\www\\pesca\\app\\Views\\layouts\\partials\\sidebar.php', 7)
 2 SYSTEMPATH\View\View.php(213): include('C:\\laragon\\www\\pesca\\app\\Views\\layouts\\partials\\sidebar.php')
 3 SYSTEMPATH\View\View.php(216): CodeIgniter\View\View->CodeIgniter\View\{closure}()
 4 SYSTEMPATH\View\View.php(431): CodeIgniter\View\View->render('layouts/partials/sidebar', null, true)
 5 APPPATH\Views\layouts\template.php(30): CodeIgniter\View\View->include('layouts/partials/sidebar')
 6 SYSTEMPATH\View\View.php(213): include('C:\\laragon\\www\\pesca\\app\\Views\\layouts\\template.php')
 7 SYSTEMPATH\View\View.php(216): CodeIgniter\View\View->CodeIgniter\View\{closure}()
 8 SYSTEMPATH\View\View.php(229): CodeIgniter\View\View->render('layouts/template', [], true)
 9 SYSTEMPATH\Common.php(1184): CodeIgniter\View\View->render('pages/dashboard', [], true)
10 APPPATH\Controllers\Home.php(9): view('pages/dashboard')
11 SYSTEMPATH\CodeIgniter.php(934): App\Controllers\Home->index()
12 SYSTEMPATH\CodeIgniter.php(499): CodeIgniter\CodeIgniter->runController(Object(App\Controllers\Home))
13 SYSTEMPATH\CodeIgniter.php(368): CodeIgniter\CodeIgniter->handleRequest(null, Object(Config\Cache), false)
14 FCPATH\index.php(67): CodeIgniter\CodeIgniter->run()
INFO - 2023-06-11 12:10:20 --> Session: Class initialized using 'CodeIgniter\Session\Handlers\FileHandler' driver.
CRITICAL - 2023-06-11 12:10:20 --> Undefined property: stdClass::$company
in APPPATH\Views\layouts\partials\sidebar.php on line 7.
 1 APPPATH\Views\layouts\partials\sidebar.php(7): CodeIgniter\Debug\Exceptions->errorHandler(2, 'Undefined property: stdClass::$company', 'C:\\laragon\\www\\pesca\\app\\Views\\layouts\\partials\\sidebar.php', 7)
 2 SYSTEMPATH\View\View.php(213): include('C:\\laragon\\www\\pesca\\app\\Views\\layouts\\partials\\sidebar.php')
 3 SYSTEMPATH\View\View.php(216): CodeIgniter\View\View->CodeIgniter\View\{closure}()
 4 SYSTEMPATH\View\View.php(431): CodeIgniter\View\View->render('layouts/partials/sidebar', null, true)
 5 APPPATH\Views\layouts\template.php(30): CodeIgniter\View\View->include('layouts/partials/sidebar')
 6 SYSTEMPATH\View\View.php(213): include('C:\\laragon\\www\\pesca\\app\\Views\\layouts\\template.php')
 7 SYSTEMPATH\View\View.php(216): CodeIgniter\View\View->CodeIgniter\View\{closure}()
 8 SYSTEMPATH\View\View.php(229): CodeIgniter\View\View->render('layouts/template', [], true)
 9 SYSTEMPATH\Common.php(1184): CodeIgniter\View\View->render('pages/dashboard', [], true)
10 APPPATH\Controllers\Home.php(9): view('pages/dashboard')
11 SYSTEMPATH\CodeIgniter.php(934): App\Controllers\Home->index()
12 SYSTEMPATH\CodeIgniter.php(499): CodeIgniter\CodeIgniter->runController(Object(App\Controllers\Home))
13 SYSTEMPATH\CodeIgniter.php(368): CodeIgniter\CodeIgniter->handleRequest(null, Object(Config\Cache), false)
14 FCPATH\index.php(67): CodeIgniter\CodeIgniter->run()
INFO - 2023-06-11 12:10:23 --> Session: Class initialized using 'CodeIgniter\Session\Handlers\FileHandler' driver.
CRITICAL - 2023-06-11 12:10:23 --> Undefined property: stdClass::$company
in APPPATH\Views\layouts\partials\sidebar.php on line 7.
 1 APPPATH\Views\layouts\partials\sidebar.php(7): CodeIgniter\Debug\Exceptions->errorHandler(2, 'Undefined property: stdClass::$company', 'C:\\laragon\\www\\pesca\\app\\Views\\layouts\\partials\\sidebar.php', 7)
 2 SYSTEMPATH\View\View.php(213): include('C:\\laragon\\www\\pesca\\app\\Views\\layouts\\partials\\sidebar.php')
 3 SYSTEMPATH\View\View.php(216): CodeIgniter\View\View->CodeIgniter\View\{closure}()
 4 SYSTEMPATH\View\View.php(431): CodeIgniter\View\View->render('layouts/partials/sidebar', null, true)
 5 APPPATH\Views\layouts\template.php(30): CodeIgniter\View\View->include('layouts/partials/sidebar')
 6 SYSTEMPATH\View\View.php(213): include('C:\\laragon\\www\\pesca\\app\\Views\\layouts\\template.php')
 7 SYSTEMPATH\View\View.php(216): CodeIgniter\View\View->CodeIgniter\View\{closure}()
 8 SYSTEMPATH\View\View.php(229): CodeIgniter\View\View->render('layouts/template', [], true)
 9 SYSTEMPATH\Common.php(1184): CodeIgniter\View\View->render('pages/dashboard', [], true)
10 APPPATH\Controllers\Home.php(9): view('pages/dashboard')
11 SYSTEMPATH\CodeIgniter.php(934): App\Controllers\Home->index()
12 SYSTEMPATH\CodeIgniter.php(499): CodeIgniter\CodeIgniter->runController(Object(App\Controllers\Home))
13 SYSTEMPATH\CodeIgniter.php(368): CodeIgniter\CodeIgniter->handleRequest(null, Object(Config\Cache), false)
14 FCPATH\index.php(67): CodeIgniter\CodeIgniter->run()
INFO - 2023-06-11 12:10:38 --> Session: Class initialized using 'CodeIgniter\Session\Handlers\FileHandler' driver.
CRITICAL - 2023-06-11 12:10:38 --> Undefined property: stdClass::$company
in APPPATH\Views\layouts\partials\sidebar.php on line 7.
 1 APPPATH\Views\layouts\partials\sidebar.php(7): CodeIgniter\Debug\Exceptions->errorHandler(2, 'Undefined property: stdClass::$company', 'C:\\laragon\\www\\pesca\\app\\Views\\layouts\\partials\\sidebar.php', 7)
 2 SYSTEMPATH\View\View.php(213): include('C:\\laragon\\www\\pesca\\app\\Views\\layouts\\partials\\sidebar.php')
 3 SYSTEMPATH\View\View.php(216): CodeIgniter\View\View->CodeIgniter\View\{closure}()
 4 SYSTEMPATH\View\View.php(431): CodeIgniter\View\View->render('layouts/partials/sidebar', null, true)
 5 APPPATH\Views\layouts\template.php(28): CodeIgniter\View\View->include('layouts/partials/sidebar')
 6 SYSTEMPATH\View\View.php(213): include('C:\\laragon\\www\\pesca\\app\\Views\\layouts\\template.php')
 7 SYSTEMPATH\View\View.php(216): CodeIgniter\View\View->CodeIgniter\View\{closure}()
 8 SYSTEMPATH\View\View.php(229): CodeIgniter\View\View->render('layouts/template', [], true)
 9 SYSTEMPATH\Common.php(1184): CodeIgniter\View\View->render('pages/dashboard', [], true)
10 APPPATH\Controllers\Home.php(9): view('pages/dashboard')
11 SYSTEMPATH\CodeIgniter.php(934): App\Controllers\Home->index()
12 SYSTEMPATH\CodeIgniter.php(499): CodeIgniter\CodeIgniter->runController(Object(App\Controllers\Home))
13 SYSTEMPATH\CodeIgniter.php(368): CodeIgniter\CodeIgniter->handleRequest(null, Object(Config\Cache), false)
14 FCPATH\index.php(67): CodeIgniter\CodeIgniter->run()
INFO - 2023-06-11 12:11:11 --> Session: Class initialized using 'CodeIgniter\Session\Handlers\FileHandler' driver.
CRITICAL - 2023-06-11 12:11:11 --> Object of class stdClass could not be converted to string
in APPPATH\Views\layouts\partials\sidebar.php on line 7.
 1 SYSTEMPATH\View\View.php(213): include()
 2 SYSTEMPATH\View\View.php(216): CodeIgniter\View\View->CodeIgniter\View\{closure}()
 3 SYSTEMPATH\View\View.php(431): CodeIgniter\View\View->render('layouts/partials/sidebar', null, true)
 4 APPPATH\Views\layouts\template.php(28): CodeIgniter\View\View->include('layouts/partials/sidebar')
 5 SYSTEMPATH\View\View.php(213): include('C:\\laragon\\www\\pesca\\app\\Views\\layouts\\template.php')
 6 SYSTEMPATH\View\View.php(216): CodeIgniter\View\View->CodeIgniter\View\{closure}()
 7 SYSTEMPATH\View\View.php(229): CodeIgniter\View\View->render('layouts/template', [], true)
 8 SYSTEMPATH\Common.php(1184): CodeIgniter\View\View->render('pages/dashboard', [], true)
 9 APPPATH\Controllers\Home.php(9): view('pages/dashboard')
10 SYSTEMPATH\CodeIgniter.php(934): App\Controllers\Home->index()
11 SYSTEMPATH\CodeIgniter.php(499): CodeIgniter\CodeIgniter->runController(Object(App\Controllers\Home))
12 SYSTEMPATH\CodeIgniter.php(368): CodeIgniter\CodeIgniter->handleRequest(null, Object(Config\Cache), false)
13 FCPATH\index.php(67): CodeIgniter\CodeIgniter->run()
INFO - 2023-06-11 12:11:24 --> Session: Class initialized using 'CodeIgniter\Session\Handlers\FileHandler' driver.
CRITICAL - 2023-06-11 12:11:25 --> Undefined property: stdClass::$idcompany
in APPPATH\Views\layouts\partials\sidebar.php on line 149.
 1 APPPATH\Views\layouts\partials\sidebar.php(149): CodeIgniter\Debug\Exceptions->errorHandler(2, 'Undefined property: stdClass::$idcompany', 'C:\\laragon\\www\\pesca\\app\\Views\\layouts\\partials\\sidebar.php', 149)
 2 SYSTEMPATH\View\View.php(213): include('C:\\laragon\\www\\pesca\\app\\Views\\layouts\\partials\\sidebar.php')
 3 SYSTEMPATH\View\View.php(216): CodeIgniter\View\View->CodeIgniter\View\{closure}()
 4 SYSTEMPATH\View\View.php(431): CodeIgniter\View\View->render('layouts/partials/sidebar', null, true)
 5 APPPATH\Views\layouts\template.php(28): CodeIgniter\View\View->include('layouts/partials/sidebar')
 6 SYSTEMPATH\View\View.php(213): include('C:\\laragon\\www\\pesca\\app\\Views\\layouts\\template.php')
 7 SYSTEMPATH\View\View.php(216): CodeIgniter\View\View->CodeIgniter\View\{closure}()
 8 SYSTEMPATH\View\View.php(229): CodeIgniter\View\View->render('layouts/template', [], true)
 9 SYSTEMPATH\Common.php(1184): CodeIgniter\View\View->render('pages/dashboard', [], true)
10 APPPATH\Controllers\Home.php(9): view('pages/dashboard')
11 SYSTEMPATH\CodeIgniter.php(934): App\Controllers\Home->index()
12 SYSTEMPATH\CodeIgniter.php(499): CodeIgniter\CodeIgniter->runController(Object(App\Controllers\Home))
13 SYSTEMPATH\CodeIgniter.php(368): CodeIgniter\CodeIgniter->handleRequest(null, Object(Config\Cache), false)
14 FCPATH\index.php(67): CodeIgniter\CodeIgniter->run()
INFO - 2023-06-11 12:11:50 --> Session: Class initialized using 'CodeIgniter\Session\Handlers\FileHandler' driver.
CRITICAL - 2023-06-11 12:11:50 --> Undefined property: stdClass::$idcompany
in APPPATH\Views\layouts\partials\sidebar.php on line 174.
 1 APPPATH\Views\layouts\partials\sidebar.php(174): CodeIgniter\Debug\Exceptions->errorHandler(2, 'Undefined property: stdClass::$idcompany', 'C:\\laragon\\www\\pesca\\app\\Views\\layouts\\partials\\sidebar.php', 174)
 2 SYSTEMPATH\View\View.php(213): include('C:\\laragon\\www\\pesca\\app\\Views\\layouts\\partials\\sidebar.php')
 3 SYSTEMPATH\View\View.php(216): CodeIgniter\View\View->CodeIgniter\View\{closure}()
 4 SYSTEMPATH\View\View.php(431): CodeIgniter\View\View->render('layouts/partials/sidebar', null, true)
 5 APPPATH\Views\layouts\template.php(28): CodeIgniter\View\View->include('layouts/partials/sidebar')
 6 SYSTEMPATH\View\View.php(213): include('C:\\laragon\\www\\pesca\\app\\Views\\layouts\\template.php')
 7 SYSTEMPATH\View\View.php(216): CodeIgniter\View\View->CodeIgniter\View\{closure}()
 8 SYSTEMPATH\View\View.php(229): CodeIgniter\View\View->render('layouts/template', [], true)
 9 SYSTEMPATH\Common.php(1184): CodeIgniter\View\View->render('pages/dashboard', [], true)
10 APPPATH\Controllers\Home.php(9): view('pages/dashboard')
11 SYSTEMPATH\CodeIgniter.php(934): App\Controllers\Home->index()
12 SYSTEMPATH\CodeIgniter.php(499): CodeIgniter\CodeIgniter->runController(Object(App\Controllers\Home))
13 SYSTEMPATH\CodeIgniter.php(368): CodeIgniter\CodeIgniter->handleRequest(null, Object(Config\Cache), false)
14 FCPATH\index.php(67): CodeIgniter\CodeIgniter->run()
INFO - 2023-06-11 12:12:05 --> Session: Class initialized using 'CodeIgniter\Session\Handlers\FileHandler' driver.
INFO - 2023-06-11 12:12:35 --> Session: Class initialized using 'CodeIgniter\Session\Handlers\FileHandler' driver.
INFO - 2023-06-11 12:13:07 --> Session: Class initialized using 'CodeIgniter\Session\Handlers\FileHandler' driver.
INFO - 2023-06-11 12:13:17 --> Session: Class initialized using 'CodeIgniter\Session\Handlers\FileHandler' driver.
INFO - 2023-06-11 12:13:43 --> Session: Class initialized using 'CodeIgniter\Session\Handlers\FileHandler' driver.
INFO - 2023-06-11 12:13:56 --> Session: Class initialized using 'CodeIgniter\Session\Handlers\FileHandler' driver.
INFO - 2023-06-11 12:14:42 --> Session: Class initialized using 'CodeIgniter\Session\Handlers\FileHandler' driver.
INFO - 2023-06-11 12:14:57 --> Session: Class initialized using 'CodeIgniter\Session\Handlers\FileHandler' driver.
INFO - 2023-06-11 12:15:14 --> Session: Class initialized using 'CodeIgniter\Session\Handlers\FileHandler' driver.
INFO - 2023-06-11 12:15:28 --> Session: Class initialized using 'CodeIgniter\Session\Handlers\FileHandler' driver.
INFO - 2023-06-11 12:15:38 --> Session: Class initialized using 'CodeIgniter\Session\Handlers\FileHandler' driver.
INFO - 2023-06-11 12:16:35 --> Session: Class initialized using 'CodeIgniter\Session\Handlers\FileHandler' driver.
INFO - 2023-06-11 12:17:04 --> Session: Class initialized using 'CodeIgniter\Session\Handlers\FileHandler' driver.
ERROR - 2023-06-11 12:17:04 --> mysqli_sql_exception: Table 'db_pesca.company' doesn't exist in C:\laragon\www\pesca\vendor\codeigniter4\framework\system\Database\MySQLi\Connection.php:295
Stack trace:
#0 C:\laragon\www\pesca\vendor\codeigniter4\framework\system\Database\MySQLi\Connection.php(295): mysqli->query('SELECT `u`.*, `...', 0)
#1 C:\laragon\www\pesca\vendor\codeigniter4\framework\system\Database\BaseConnection.php(692): CodeIgniter\Database\MySQLi\Connection->execute('SELECT `u`.*, `...')
#2 C:\laragon\www\pesca\vendor\codeigniter4\framework\system\Database\BaseConnection.php(606): CodeIgniter\Database\BaseConnection->simpleQuery('SELECT `u`.*, `...')
#3 C:\laragon\www\pesca\vendor\codeigniter4\framework\system\Database\BaseBuilder.php(1616): CodeIgniter\Database\BaseConnection->query('SELECT `u`.*, `...', Array, false)
#4 C:\laragon\www\pesca\app\Models\UserModel.php(86): CodeIgniter\Database\BaseBuilder->get()
#5 C:\laragon\www\pesca\app\Controllers\User.php(13): App\Models\UserModel->getUsers()
#6 C:\laragon\www\pesca\vendor\codeigniter4\framework\system\CodeIgniter.php(934): App\Controllers\User->index()
#7 C:\laragon\www\pesca\vendor\codeigniter4\framework\system\CodeIgniter.php(499): CodeIgniter\CodeIgniter->runController(Object(App\Controllers\User))
#8 C:\laragon\www\pesca\vendor\codeigniter4\framework\system\CodeIgniter.php(368): CodeIgniter\CodeIgniter->handleRequest(NULL, Object(Config\Cache), false)
#9 C:\laragon\www\pesca\public\index.php(67): CodeIgniter\CodeIgniter->run()
#10 {main}
CRITICAL - 2023-06-11 12:17:04 --> Table 'db_pesca.company' doesn't exist
in SYSTEMPATH\Database\MySQLi\Connection.php on line 295.
 1 SYSTEMPATH\Database\MySQLi\Connection.php(295): mysqli->query('SELECT `u`.*, `l`.`name` as `level`
FROM `users` `u`
JOIN `company` `c` ON `c`.`id` = `u`.`company`
JOIN `user_level` `l` ON `l`.`id` = `u`.`level`', 0)
 2 SYSTEMPATH\Database\BaseConnection.php(692): CodeIgniter\Database\MySQLi\Connection->execute('SELECT `u`.*, `l`.`name` as `level`
FROM `users` `u`
JOIN `company` `c` ON `c`.`id` = `u`.`company`
JOIN `user_level` `l` ON `l`.`id` = `u`.`level`')
 3 SYSTEMPATH\Database\BaseConnection.php(606): CodeIgniter\Database\BaseConnection->simpleQuery('SELECT `u`.*, `l`.`name` as `level`
FROM `users` `u`
JOIN `company` `c` ON `c`.`id` = `u`.`company`
JOIN `user_level` `l` ON `l`.`id` = `u`.`level`')
 4 SYSTEMPATH\Database\BaseBuilder.php(1616): CodeIgniter\Database\BaseConnection->query('SELECT `u`.*, `l`.`name` as `level`
FROM `users` `u`
JOIN `company` `c` ON `c`.`id` = `u`.`company`
JOIN `user_level` `l` ON `l`.`id` = `u`.`level`', [], false)
 5 APPPATH\Models\UserModel.php(86): CodeIgniter\Database\BaseBuilder->get()
 6 APPPATH\Controllers\User.php(13): App\Models\UserModel->getUsers()
 7 SYSTEMPATH\CodeIgniter.php(934): App\Controllers\User->index()
 8 SYSTEMPATH\CodeIgniter.php(499): CodeIgniter\CodeIgniter->runController(Object(App\Controllers\User))
 9 SYSTEMPATH\CodeIgniter.php(368): CodeIgniter\CodeIgniter->handleRequest(null, Object(Config\Cache), false)
10 FCPATH\index.php(67): CodeIgniter\CodeIgniter->run()
INFO - 2023-06-11 13:12:01 --> Session: Class initialized using 'CodeIgniter\Session\Handlers\FileHandler' driver.
INFO - 2023-06-11 13:14:27 --> Session: Class initialized using 'CodeIgniter\Session\Handlers\FileHandler' driver.
ERROR - 2023-06-11 13:14:27 --> mysqli_sql_exception: Table 'db_pesca.user_level' doesn't exist in C:\laragon\www\pesca\vendor\codeigniter4\framework\system\Database\MySQLi\Connection.php:295
Stack trace:
#0 C:\laragon\www\pesca\vendor\codeigniter4\framework\system\Database\MySQLi\Connection.php(295): mysqli->query('SELECT *\nFROM `...', 0)
#1 C:\laragon\www\pesca\vendor\codeigniter4\framework\system\Database\BaseConnection.php(692): CodeIgniter\Database\MySQLi\Connection->execute('SELECT *\nFROM `...')
#2 C:\laragon\www\pesca\vendor\codeigniter4\framework\system\Database\BaseConnection.php(606): CodeIgniter\Database\BaseConnection->simpleQuery('SELECT *\nFROM `...')
#3 C:\laragon\www\pesca\vendor\codeigniter4\framework\system\Database\BaseBuilder.php(1616): CodeIgniter\Database\BaseConnection->query('SELECT *\nFROM `...', Array, false)
#4 C:\laragon\www\pesca\vendor\codeigniter4\framework\system\Model.php(241): CodeIgniter\Database\BaseBuilder->get()
#5 C:\laragon\www\pesca\vendor\codeigniter4\framework\system\BaseModel.php(618): CodeIgniter\Model->doFindAll(0, 0)
#6 C:\laragon\www\pesca\app\Controllers\User.php(14): CodeIgniter\BaseModel->findAll()
#7 C:\laragon\www\pesca\vendor\codeigniter4\framework\system\CodeIgniter.php(934): App\Controllers\User->index()
#8 C:\laragon\www\pesca\vendor\codeigniter4\framework\system\CodeIgniter.php(499): CodeIgniter\CodeIgniter->runController(Object(App\Controllers\User))
#9 C:\laragon\www\pesca\vendor\codeigniter4\framework\system\CodeIgniter.php(368): CodeIgniter\CodeIgniter->handleRequest(NULL, Object(Config\Cache), false)
#10 C:\laragon\www\pesca\public\index.php(67): CodeIgniter\CodeIgniter->run()
#11 {main}
CRITICAL - 2023-06-11 13:14:27 --> Table 'db_pesca.user_level' doesn't exist
in SYSTEMPATH\Database\MySQLi\Connection.php on line 295.
 1 SYSTEMPATH\Database\MySQLi\Connection.php(295): mysqli->query('SELECT *
FROM `user_level`', 0)
 2 SYSTEMPATH\Database\BaseConnection.php(692): CodeIgniter\Database\MySQLi\Connection->execute('SELECT *
FROM `user_level`')
 3 SYSTEMPATH\Database\BaseConnection.php(606): CodeIgniter\Database\BaseConnection->simpleQuery('SELECT *
FROM `user_level`')
 4 SYSTEMPATH\Database\BaseBuilder.php(1616): CodeIgniter\Database\BaseConnection->query('SELECT *
FROM `user_level`', [], false)
 5 SYSTEMPATH\Model.php(241): CodeIgniter\Database\BaseBuilder->get()
 6 SYSTEMPATH\BaseModel.php(618): CodeIgniter\Model->doFindAll(0, 0)
 7 APPPATH\Controllers\User.php(14): CodeIgniter\BaseModel->findAll()
 8 SYSTEMPATH\CodeIgniter.php(934): App\Controllers\User->index()
 9 SYSTEMPATH\CodeIgniter.php(499): CodeIgniter\CodeIgniter->runController(Object(App\Controllers\User))
10 SYSTEMPATH\CodeIgniter.php(368): CodeIgniter\CodeIgniter->handleRequest(null, Object(Config\Cache), false)
11 FCPATH\index.php(67): CodeIgniter\CodeIgniter->run()
INFO - 2023-06-11 13:16:12 --> Session: Class initialized using 'CodeIgniter\Session\Handlers\FileHandler' driver.
ERROR - 2023-06-11 13:16:12 --> mysqli_sql_exception: Unknown column 'l.name' in 'field list' in C:\laragon\www\pesca\vendor\codeigniter4\framework\system\Database\MySQLi\Connection.php:295
Stack trace:
#0 C:\laragon\www\pesca\vendor\codeigniter4\framework\system\Database\MySQLi\Connection.php(295): mysqli->query('SELECT `u`.*, `...', 0)
#1 C:\laragon\www\pesca\vendor\codeigniter4\framework\system\Database\BaseConnection.php(692): CodeIgniter\Database\MySQLi\Connection->execute('SELECT `u`.*, `...')
#2 C:\laragon\www\pesca\vendor\codeigniter4\framework\system\Database\BaseConnection.php(606): CodeIgniter\Database\BaseConnection->simpleQuery('SELECT `u`.*, `...')
#3 C:\laragon\www\pesca\vendor\codeigniter4\framework\system\Database\BaseBuilder.php(1616): CodeIgniter\Database\BaseConnection->query('SELECT `u`.*, `...', Array, false)
#4 C:\laragon\www\pesca\app\Models\UserModel.php(85): CodeIgniter\Database\BaseBuilder->get()
#5 C:\laragon\www\pesca\app\Controllers\User.php(13): App\Models\UserModel->getUsers()
#6 C:\laragon\www\pesca\vendor\codeigniter4\framework\system\CodeIgniter.php(934): App\Controllers\User->index()
#7 C:\laragon\www\pesca\vendor\codeigniter4\framework\system\CodeIgniter.php(499): CodeIgniter\CodeIgniter->runController(Object(App\Controllers\User))
#8 C:\laragon\www\pesca\vendor\codeigniter4\framework\system\CodeIgniter.php(368): CodeIgniter\CodeIgniter->handleRequest(NULL, Object(Config\Cache), false)
#9 C:\laragon\www\pesca\public\index.php(67): CodeIgniter\CodeIgniter->run()
#10 {main}
CRITICAL - 2023-06-11 13:16:12 --> Unknown column 'l.name' in 'field list'
in SYSTEMPATH\Database\MySQLi\Connection.php on line 295.
 1 SYSTEMPATH\Database\MySQLi\Connection.php(295): mysqli->query('SELECT `u`.*, `l`.`name` as `level`
FROM `users` `u`', 0)
 2 SYSTEMPATH\Database\BaseConnection.php(692): CodeIgniter\Database\MySQLi\Connection->execute('SELECT `u`.*, `l`.`name` as `level`
FROM `users` `u`')
 3 SYSTEMPATH\Database\BaseConnection.php(606): CodeIgniter\Database\BaseConnection->simpleQuery('SELECT `u`.*, `l`.`name` as `level`
FROM `users` `u`')
 4 SYSTEMPATH\Database\BaseBuilder.php(1616): CodeIgniter\Database\BaseConnection->query('SELECT `u`.*, `l`.`name` as `level`
FROM `users` `u`', [], false)
 5 APPPATH\Models\UserModel.php(85): CodeIgniter\Database\BaseBuilder->get()
 6 APPPATH\Controllers\User.php(13): App\Models\UserModel->getUsers()
 7 SYSTEMPATH\CodeIgniter.php(934): App\Controllers\User->index()
 8 SYSTEMPATH\CodeIgniter.php(499): CodeIgniter\CodeIgniter->runController(Object(App\Controllers\User))
 9 SYSTEMPATH\CodeIgniter.php(368): CodeIgniter\CodeIgniter->handleRequest(null, Object(Config\Cache), false)
10 FCPATH\index.php(67): CodeIgniter\CodeIgniter->run()
INFO - 2023-06-11 13:16:20 --> Session: Class initialized using 'CodeIgniter\Session\Handlers\FileHandler' driver.
ERROR - 2023-06-11 13:16:20 --> mysqli_sql_exception: Table 'db_pesca.user_level' doesn't exist in C:\laragon\www\pesca\vendor\codeigniter4\framework\system\Database\MySQLi\Connection.php:295
Stack trace:
#0 C:\laragon\www\pesca\vendor\codeigniter4\framework\system\Database\MySQLi\Connection.php(295): mysqli->query('SELECT *\nFROM `...', 0)
#1 C:\laragon\www\pesca\vendor\codeigniter4\framework\system\Database\BaseConnection.php(692): CodeIgniter\Database\MySQLi\Connection->execute('SELECT *\nFROM `...')
#2 C:\laragon\www\pesca\vendor\codeigniter4\framework\system\Database\BaseConnection.php(606): CodeIgniter\Database\BaseConnection->simpleQuery('SELECT *\nFROM `...')
#3 C:\laragon\www\pesca\vendor\codeigniter4\framework\system\Database\BaseBuilder.php(1616): CodeIgniter\Database\BaseConnection->query('SELECT *\nFROM `...', Array, false)
#4 C:\laragon\www\pesca\vendor\codeigniter4\framework\system\Model.php(241): CodeIgniter\Database\BaseBuilder->get()
#5 C:\laragon\www\pesca\vendor\codeigniter4\framework\system\BaseModel.php(618): CodeIgniter\Model->doFindAll(0, 0)
#6 C:\laragon\www\pesca\app\Controllers\User.php(14): CodeIgniter\BaseModel->findAll()
#7 C:\laragon\www\pesca\vendor\codeigniter4\framework\system\CodeIgniter.php(934): App\Controllers\User->index()
#8 C:\laragon\www\pesca\vendor\codeigniter4\framework\system\CodeIgniter.php(499): CodeIgniter\CodeIgniter->runController(Object(App\Controllers\User))
#9 C:\laragon\www\pesca\vendor\codeigniter4\framework\system\CodeIgniter.php(368): CodeIgniter\CodeIgniter->handleRequest(NULL, Object(Config\Cache), false)
#10 C:\laragon\www\pesca\public\index.php(67): CodeIgniter\CodeIgniter->run()
#11 {main}
CRITICAL - 2023-06-11 13:16:20 --> Table 'db_pesca.user_level' doesn't exist
in SYSTEMPATH\Database\MySQLi\Connection.php on line 295.
 1 SYSTEMPATH\Database\MySQLi\Connection.php(295): mysqli->query('SELECT *
FROM `user_level`', 0)
 2 SYSTEMPATH\Database\BaseConnection.php(692): CodeIgniter\Database\MySQLi\Connection->execute('SELECT *
FROM `user_level`')
 3 SYSTEMPATH\Database\BaseConnection.php(606): CodeIgniter\Database\BaseConnection->simpleQuery('SELECT *
FROM `user_level`')
 4 SYSTEMPATH\Database\BaseBuilder.php(1616): CodeIgniter\Database\BaseConnection->query('SELECT *
FROM `user_level`', [], false)
 5 SYSTEMPATH\Model.php(241): CodeIgniter\Database\BaseBuilder->get()
 6 SYSTEMPATH\BaseModel.php(618): CodeIgniter\Model->doFindAll(0, 0)
 7 APPPATH\Controllers\User.php(14): CodeIgniter\BaseModel->findAll()
 8 SYSTEMPATH\CodeIgniter.php(934): App\Controllers\User->index()
 9 SYSTEMPATH\CodeIgniter.php(499): CodeIgniter\CodeIgniter->runController(Object(App\Controllers\User))
10 SYSTEMPATH\CodeIgniter.php(368): CodeIgniter\CodeIgniter->handleRequest(null, Object(Config\Cache), false)
11 FCPATH\index.php(67): CodeIgniter\CodeIgniter->run()
INFO - 2023-06-11 13:16:56 --> Session: Class initialized using 'CodeIgniter\Session\Handlers\FileHandler' driver.
CRITICAL - 2023-06-11 13:16:56 --> Undefined property: stdClass::$user
in APPPATH\Views\pages\users\index.php on line 75.
 1 APPPATH\Views\pages\users\index.php(75): CodeIgniter\Debug\Exceptions->errorHandler(2, 'Undefined property: stdClass::$user', 'C:\\laragon\\www\\pesca\\app\\Views\\pages\\users\\index.php', 75)
 2 SYSTEMPATH\View\View.php(213): include('C:\\laragon\\www\\pesca\\app\\Views\\pages\\users\\index.php')
 3 SYSTEMPATH\View\View.php(216): CodeIgniter\View\View->CodeIgniter\View\{closure}()
 4 SYSTEMPATH\Common.php(1184): CodeIgniter\View\View->render('pages/users/index', [], true)
 5 APPPATH\Controllers\User.php(13): view('pages/users/index', [...])
 6 SYSTEMPATH\CodeIgniter.php(934): App\Controllers\User->index()
 7 SYSTEMPATH\CodeIgniter.php(499): CodeIgniter\CodeIgniter->runController(Object(App\Controllers\User))
 8 SYSTEMPATH\CodeIgniter.php(368): CodeIgniter\CodeIgniter->handleRequest(null, Object(Config\Cache), false)
 9 FCPATH\index.php(67): CodeIgniter\CodeIgniter->run()
INFO - 2023-06-11 13:18:11 --> Session: Class initialized using 'CodeIgniter\Session\Handlers\FileHandler' driver.
CRITICAL - 2023-06-11 13:18:11 --> Undefined variable $levels
in APPPATH\Views\pages\users\index.php on line 178.
 1 APPPATH\Views\pages\users\index.php(178): CodeIgniter\Debug\Exceptions->errorHandler(2, 'Undefined variable $levels', 'C:\\laragon\\www\\pesca\\app\\Views\\pages\\users\\index.php', 178)
 2 SYSTEMPATH\View\View.php(213): include('C:\\laragon\\www\\pesca\\app\\Views\\pages\\users\\index.php')
 3 SYSTEMPATH\View\View.php(216): CodeIgniter\View\View->CodeIgniter\View\{closure}()
 4 SYSTEMPATH\Common.php(1184): CodeIgniter\View\View->render('pages/users/index', [], true)
 5 APPPATH\Controllers\User.php(13): view('pages/users/index', [...])
 6 SYSTEMPATH\CodeIgniter.php(934): App\Controllers\User->index()
 7 SYSTEMPATH\CodeIgniter.php(499): CodeIgniter\CodeIgniter->runController(Object(App\Controllers\User))
 8 SYSTEMPATH\CodeIgniter.php(368): CodeIgniter\CodeIgniter->handleRequest(null, Object(Config\Cache), false)
 9 FCPATH\index.php(67): CodeIgniter\CodeIgniter->run()
INFO - 2023-06-11 13:18:21 --> Session: Class initialized using 'CodeIgniter\Session\Handlers\FileHandler' driver.
ERROR - 2023-06-11 13:18:21 --> mysqli_sql_exception: Table 'db_pesca.user_level' doesn't exist in C:\laragon\www\pesca\vendor\codeigniter4\framework\system\Database\MySQLi\Connection.php:295
Stack trace:
#0 C:\laragon\www\pesca\vendor\codeigniter4\framework\system\Database\MySQLi\Connection.php(295): mysqli->query('SELECT *\nFROM `...', 0)
#1 C:\laragon\www\pesca\vendor\codeigniter4\framework\system\Database\BaseConnection.php(692): CodeIgniter\Database\MySQLi\Connection->execute('SELECT *\nFROM `...')
#2 C:\laragon\www\pesca\vendor\codeigniter4\framework\system\Database\BaseConnection.php(606): CodeIgniter\Database\BaseConnection->simpleQuery('SELECT *\nFROM `...')
#3 C:\laragon\www\pesca\vendor\codeigniter4\framework\system\Database\BaseBuilder.php(1616): CodeIgniter\Database\BaseConnection->query('SELECT *\nFROM `...', Array, false)
#4 C:\laragon\www\pesca\vendor\codeigniter4\framework\system\Model.php(241): CodeIgniter\Database\BaseBuilder->get()
#5 C:\laragon\www\pesca\vendor\codeigniter4\framework\system\BaseModel.php(618): CodeIgniter\Model->doFindAll(0, 0)
#6 C:\laragon\www\pesca\app\Controllers\User.php(14): CodeIgniter\BaseModel->findAll()
#7 C:\laragon\www\pesca\vendor\codeigniter4\framework\system\CodeIgniter.php(934): App\Controllers\User->index()
#8 C:\laragon\www\pesca\vendor\codeigniter4\framework\system\CodeIgniter.php(499): CodeIgniter\CodeIgniter->runController(Object(App\Controllers\User))
#9 C:\laragon\www\pesca\vendor\codeigniter4\framework\system\CodeIgniter.php(368): CodeIgniter\CodeIgniter->handleRequest(NULL, Object(Config\Cache), false)
#10 C:\laragon\www\pesca\public\index.php(67): CodeIgniter\CodeIgniter->run()
#11 {main}
CRITICAL - 2023-06-11 13:18:21 --> Table 'db_pesca.user_level' doesn't exist
in SYSTEMPATH\Database\MySQLi\Connection.php on line 295.
 1 SYSTEMPATH\Database\MySQLi\Connection.php(295): mysqli->query('SELECT *
FROM `user_level`', 0)
 2 SYSTEMPATH\Database\BaseConnection.php(692): CodeIgniter\Database\MySQLi\Connection->execute('SELECT *
FROM `user_level`')
 3 SYSTEMPATH\Database\BaseConnection.php(606): CodeIgniter\Database\BaseConnection->simpleQuery('SELECT *
FROM `user_level`')
 4 SYSTEMPATH\Database\BaseBuilder.php(1616): CodeIgniter\Database\BaseConnection->query('SELECT *
FROM `user_level`', [], false)
 5 SYSTEMPATH\Model.php(241): CodeIgniter\Database\BaseBuilder->get()
 6 SYSTEMPATH\BaseModel.php(618): CodeIgniter\Model->doFindAll(0, 0)
 7 APPPATH\Controllers\User.php(14): CodeIgniter\BaseModel->findAll()
 8 SYSTEMPATH\CodeIgniter.php(934): App\Controllers\User->index()
 9 SYSTEMPATH\CodeIgniter.php(499): CodeIgniter\CodeIgniter->runController(Object(App\Controllers\User))
10 SYSTEMPATH\CodeIgniter.php(368): CodeIgniter\CodeIgniter->handleRequest(null, Object(Config\Cache), false)
11 FCPATH\index.php(67): CodeIgniter\CodeIgniter->run()
INFO - 2023-06-11 13:18:43 --> Session: Class initialized using 'CodeIgniter\Session\Handlers\FileHandler' driver.
INFO - 2023-06-11 13:19:32 --> Session: Class initialized using 'CodeIgniter\Session\Handlers\FileHandler' driver.
ERROR - 2023-06-11 13:19:32 --> mysqli_sql_exception: Unknown column 'user' in 'where clause' in C:\laragon\www\pesca\vendor\codeigniter4\framework\system\Database\MySQLi\Connection.php:295
Stack trace:
#0 C:\laragon\www\pesca\vendor\codeigniter4\framework\system\Database\MySQLi\Connection.php(295): mysqli->query('SELECT 1\nFROM `...', 0)
#1 C:\laragon\www\pesca\vendor\codeigniter4\framework\system\Database\BaseConnection.php(692): CodeIgniter\Database\MySQLi\Connection->execute('SELECT 1\nFROM `...')
#2 C:\laragon\www\pesca\vendor\codeigniter4\framework\system\Database\BaseConnection.php(606): CodeIgniter\Database\BaseConnection->simpleQuery('SELECT 1\nFROM `...')
#3 C:\laragon\www\pesca\vendor\codeigniter4\framework\system\Database\BaseBuilder.php(1616): CodeIgniter\Database\BaseConnection->query('SELECT 1\nFROM `...', Array, false)
#4 C:\laragon\www\pesca\vendor\codeigniter4\framework\system\Validation\StrictRules\Rules.php(206): CodeIgniter\Database\BaseBuilder->get()
#5 C:\laragon\www\pesca\vendor\codeigniter4\framework\system\Validation\Validation.php(312): CodeIgniter\Validation\StrictRules\Rules->is_unique('efwf', 'user', Array, NULL, 'user')
#6 C:\laragon\www\pesca\vendor\codeigniter4\framework\system\Validation\Validation.php(170): CodeIgniter\Validation\Validation->processRules('user', 'user', 'efwf', Array, Array)
#7 C:\laragon\www\pesca\vendor\codeigniter4\framework\system\BaseModel.php(1453): CodeIgniter\Validation\Validation->run(Array, NULL, 'default')
#8 C:\laragon\www\pesca\vendor\codeigniter4\framework\system\BaseModel.php(745): CodeIgniter\BaseModel->validate(Array)
#9 C:\laragon\www\pesca\vendor\codeigniter4\framework\system\Model.php(730): CodeIgniter\BaseModel->insert(Array, false)
#10 C:\laragon\www\pesca\vendor\codeigniter4\framework\system\BaseModel.php(692): CodeIgniter\Model->insert(Array, false)
#11 C:\laragon\www\pesca\app\Controllers\User.php(43): CodeIgniter\BaseModel->save(Array)
#12 C:\laragon\www\pesca\vendor\codeigniter4\framework\system\CodeIgniter.php(934): App\Controllers\User->save_user()
#13 C:\laragon\www\pesca\vendor\codeigniter4\framework\system\CodeIgniter.php(499): CodeIgniter\CodeIgniter->runController(Object(App\Controllers\User))
#14 C:\laragon\www\pesca\vendor\codeigniter4\framework\system\CodeIgniter.php(368): CodeIgniter\CodeIgniter->handleRequest(NULL, Object(Config\Cache), false)
#15 C:\laragon\www\pesca\public\index.php(67): CodeIgniter\CodeIgniter->run()
#16 {main}
CRITICAL - 2023-06-11 13:19:32 --> Unknown column 'user' in 'where clause'
in SYSTEMPATH\Database\MySQLi\Connection.php on line 295.
 1 SYSTEMPATH\Database\MySQLi\Connection.php(295): mysqli->query('SELECT 1
FROM `users`
WHERE `user` = \'efwf\'
 LIMIT 1', 0)
 2 SYSTEMPATH\Database\BaseConnection.php(692): CodeIgniter\Database\MySQLi\Connection->execute('SELECT 1
FROM `users`
WHERE `user` = \'efwf\'
 LIMIT 1')
 3 SYSTEMPATH\Database\BaseConnection.php(606): CodeIgniter\Database\BaseConnection->simpleQuery('SELECT 1
FROM `users`
WHERE `user` = \'efwf\'
 LIMIT 1')
 4 SYSTEMPATH\Database\BaseBuilder.php(1616): CodeIgniter\Database\BaseConnection->query('SELECT 1
FROM `users`
WHERE `user` = :user:
 LIMIT 1', [...], false)
 5 SYSTEMPATH\Validation\StrictRules\Rules.php(206): CodeIgniter\Database\BaseBuilder->get()
 6 SYSTEMPATH\Validation\Validation.php(312): CodeIgniter\Validation\StrictRules\Rules->is_unique('efwf', 'user', [...], null, 'user')
 7 SYSTEMPATH\Validation\Validation.php(170): CodeIgniter\Validation\Validation->processRules('user', 'user', 'efwf', [...], [...])
 8 SYSTEMPATH\BaseModel.php(1453): CodeIgniter\Validation\Validation->run([...], null, 'default')
 9 SYSTEMPATH\BaseModel.php(745): CodeIgniter\BaseModel->validate([...])
10 SYSTEMPATH\Model.php(730): CodeIgniter\BaseModel->insert([...], false)
11 SYSTEMPATH\BaseModel.php(692): CodeIgniter\Model->insert([...], false)
12 APPPATH\Controllers\User.php(43): CodeIgniter\BaseModel->save([...])
13 SYSTEMPATH\CodeIgniter.php(934): App\Controllers\User->save_user()
14 SYSTEMPATH\CodeIgniter.php(499): CodeIgniter\CodeIgniter->runController(Object(App\Controllers\User))
15 SYSTEMPATH\CodeIgniter.php(368): CodeIgniter\CodeIgniter->handleRequest(null, Object(Config\Cache), false)
16 FCPATH\index.php(67): CodeIgniter\CodeIgniter->run()
INFO - 2023-06-11 13:20:04 --> Session: Class initialized using 'CodeIgniter\Session\Handlers\FileHandler' driver.
INFO - 2023-06-11 13:20:07 --> Session: Class initialized using 'CodeIgniter\Session\Handlers\FileHandler' driver.
INFO - 2023-06-11 13:20:25 --> Session: Class initialized using 'CodeIgniter\Session\Handlers\FileHandler' driver.
INFO - 2023-06-11 13:20:26 --> Session: Class initialized using 'CodeIgniter\Session\Handlers\FileHandler' driver.
INFO - 2023-06-11 13:20:42 --> Session: Class initialized using 'CodeIgniter\Session\Handlers\FileHandler' driver.
INFO - 2023-06-11 13:20:42 --> Session: Class initialized using 'CodeIgniter\Session\Handlers\FileHandler' driver.
INFO - 2023-06-11 13:32:37 --> Session: Class initialized using 'CodeIgniter\Session\Handlers\FileHandler' driver.
INFO - 2023-06-11 13:33:52 --> Session: Class initialized using 'CodeIgniter\Session\Handlers\FileHandler' driver.
INFO - 2023-06-11 13:37:41 --> Session: Class initialized using 'CodeIgniter\Session\Handlers\FileHandler' driver.
ERROR - 2023-06-11 13:37:41 --> mysqli_sql_exception: Unknown column 'user' in 'where clause' in C:\laragon\www\pesca\vendor\codeigniter4\framework\system\Database\MySQLi\Connection.php:295
Stack trace:
#0 C:\laragon\www\pesca\vendor\codeigniter4\framework\system\Database\MySQLi\Connection.php(295): mysqli->query('SELECT 1\nFROM `...', 0)
#1 C:\laragon\www\pesca\vendor\codeigniter4\framework\system\Database\BaseConnection.php(692): CodeIgniter\Database\MySQLi\Connection->execute('SELECT 1\nFROM `...')
#2 C:\laragon\www\pesca\vendor\codeigniter4\framework\system\Database\BaseConnection.php(606): CodeIgniter\Database\BaseConnection->simpleQuery('SELECT 1\nFROM `...')
#3 C:\laragon\www\pesca\vendor\codeigniter4\framework\system\Database\BaseBuilder.php(1616): CodeIgniter\Database\BaseConnection->query('SELECT 1\nFROM `...', Array, false)
#4 C:\laragon\www\pesca\vendor\codeigniter4\framework\system\Validation\StrictRules\Rules.php(206): CodeIgniter\Database\BaseBuilder->get()
#5 C:\laragon\www\pesca\vendor\codeigniter4\framework\system\Validation\Validation.php(312): CodeIgniter\Validation\StrictRules\Rules->is_unique('justtt', 'user', Array, NULL, 'username')
#6 C:\laragon\www\pesca\vendor\codeigniter4\framework\system\Validation\Validation.php(170): CodeIgniter\Validation\Validation->processRules('username', 'username', 'justtt', Array, Array)
#7 C:\laragon\www\pesca\vendor\codeigniter4\framework\system\BaseModel.php(1453): CodeIgniter\Validation\Validation->run(Array, NULL, 'default')
#8 C:\laragon\www\pesca\vendor\codeigniter4\framework\system\BaseModel.php(745): CodeIgniter\BaseModel->validate(Array)
#9 C:\laragon\www\pesca\vendor\codeigniter4\framework\system\Model.php(730): CodeIgniter\BaseModel->insert(Array, false)
#10 C:\laragon\www\pesca\vendor\codeigniter4\framework\system\BaseModel.php(692): CodeIgniter\Model->insert(Array, false)
#11 C:\laragon\www\pesca\app\Controllers\User.php(44): CodeIgniter\BaseModel->save(Array)
#12 C:\laragon\www\pesca\vendor\codeigniter4\framework\system\CodeIgniter.php(934): App\Controllers\User->save_user()
#13 C:\laragon\www\pesca\vendor\codeigniter4\framework\system\CodeIgniter.php(499): CodeIgniter\CodeIgniter->runController(Object(App\Controllers\User))
#14 C:\laragon\www\pesca\vendor\codeigniter4\framework\system\CodeIgniter.php(368): CodeIgniter\CodeIgniter->handleRequest(NULL, Object(Config\Cache), false)
#15 C:\laragon\www\pesca\public\index.php(67): CodeIgniter\CodeIgniter->run()
#16 {main}
CRITICAL - 2023-06-11 13:37:41 --> Unknown column 'user' in 'where clause'
in SYSTEMPATH\Database\MySQLi\Connection.php on line 295.
 1 SYSTEMPATH\Database\MySQLi\Connection.php(295): mysqli->query('SELECT 1
FROM `users`
WHERE `user` = \'justtt\'
 LIMIT 1', 0)
 2 SYSTEMPATH\Database\BaseConnection.php(692): CodeIgniter\Database\MySQLi\Connection->execute('SELECT 1
FROM `users`
WHERE `user` = \'justtt\'
 LIMIT 1')
 3 SYSTEMPATH\Database\BaseConnection.php(606): CodeIgniter\Database\BaseConnection->simpleQuery('SELECT 1
FROM `users`
WHERE `user` = \'justtt\'
 LIMIT 1')
 4 SYSTEMPATH\Database\BaseBuilder.php(1616): CodeIgniter\Database\BaseConnection->query('SELECT 1
FROM `users`
WHERE `user` = :user:
 LIMIT 1', [...], false)
 5 SYSTEMPATH\Validation\StrictRules\Rules.php(206): CodeIgniter\Database\BaseBuilder->get()
 6 SYSTEMPATH\Validation\Validation.php(312): CodeIgniter\Validation\StrictRules\Rules->is_unique('justtt', 'user', [...], null, 'username')
 7 SYSTEMPATH\Validation\Validation.php(170): CodeIgniter\Validation\Validation->processRules('username', 'username', 'justtt', [...], [...])
 8 SYSTEMPATH\BaseModel.php(1453): CodeIgniter\Validation\Validation->run([...], null, 'default')
 9 SYSTEMPATH\BaseModel.php(745): CodeIgniter\BaseModel->validate([...])
10 SYSTEMPATH\Model.php(730): CodeIgniter\BaseModel->insert([...], false)
11 SYSTEMPATH\BaseModel.php(692): CodeIgniter\Model->insert([...], false)
12 APPPATH\Controllers\User.php(44): CodeIgniter\BaseModel->save([...])
13 SYSTEMPATH\CodeIgniter.php(934): App\Controllers\User->save_user()
14 SYSTEMPATH\CodeIgniter.php(499): CodeIgniter\CodeIgniter->runController(Object(App\Controllers\User))
15 SYSTEMPATH\CodeIgniter.php(368): CodeIgniter\CodeIgniter->handleRequest(null, Object(Config\Cache), false)
16 FCPATH\index.php(67): CodeIgniter\CodeIgniter->run()
